{
  "RSpec": {
    "coverage": {
      "/Users/jacquesmmarquesicloud.com/RubymineProjects/cep-api/app/models/access_token.rb": {
        "lines": [
          null,
          null,
          null,
          1,
          1,
          1,
          null,
          1,
          null,
          1,
          4,
          null,
          null,
          1,
          4,
          null,
          null,
          null,
          null,
          1,
          9,
          9,
          9,
          9,
          null,
          null
        ]
      },
      "/Users/jacquesmmarquesicloud.com/RubymineProjects/cep-api/app/models/application_record.rb": {
        "lines": [
          1,
          1,
          null
        ]
      },
      "/Users/jacquesmmarquesicloud.com/RubymineProjects/cep-api/app/models/api_key.rb": {
        "lines": [
          null,
          null,
          null,
          1,
          1,
          1,
          1,
          6,
          null,
          1,
          1,
          null,
          null,
          1,
          null,
          1,
          26,
          null,
          null
        ]
      },
      "/Users/jacquesmmarquesicloud.com/RubymineProjects/cep-api/app/models/user.rb": {
        "lines": [
          null,
          null,
          null,
          1,
          1,
          1,
          null,
          1,
          1,
          null,
          1,
          1,
          null,
          1,
          null,
          null,
          null,
          1,
          1,
          1,
          1,
          1,
          1,
          null,
          1,
          0,
          null,
          null,
          1,
          0,
          null,
          null,
          null,
          null,
          0,
          null,
          null,
          1,
          0,
          null,
          null,
          null,
          null,
          null,
          0,
          null,
          null,
          1,
          null,
          1,
          104,
          null,
          null,
          1,
          104,
          null,
          null
        ]
      },
      "/Users/jacquesmmarquesicloud.com/RubymineProjects/cep-api/app/models/zip_access.rb": {
        "lines": [
          1,
          1,
          null,
          1,
          null
        ]
      },
      "/Users/jacquesmmarquesicloud.com/RubymineProjects/cep-api/app/query_builders/filter.rb": {
        "lines": [
          null,
          null,
          1,
          1,
          null,
          1,
          11,
          11,
          11,
          null,
          null,
          1,
          11,
          null,
          7,
          null,
          null,
          7,
          5,
          5,
          null,
          null,
          1,
          null,
          1,
          7,
          7,
          7,
          6,
          null,
          null,
          null,
          1,
          2,
          2,
          2,
          null,
          null,
          null,
          1,
          7,
          7,
          null,
          null,
          null,
          null,
          null,
          null,
          null,
          1,
          5,
          5,
          null,
          null,
          null,
          1,
          1,
          null,
          null,
          1,
          1,
          null,
          null,
          1,
          1,
          null,
          null,
          1,
          1,
          null,
          null,
          1,
          1,
          null,
          null,
          1,
          0,
          null,
          null,
          1,
          0,
          null,
          null
        ]
      },
      "/Users/jacquesmmarquesicloud.com/RubymineProjects/cep-api/app/query_builders/paginator.rb": {
        "lines": [
          null,
          null,
          1,
          1,
          10,
          10,
          10,
          10,
          10,
          null,
          null,
          1,
          6,
          null,
          null,
          1,
          7,
          8,
          8,
          null,
          null,
          null,
          1,
          null,
          1,
          20,
          null,
          14,
          0,
          null,
          null,
          14,
          null,
          null,
          1,
          7,
          7,
          7,
          7,
          7,
          null,
          null,
          null,
          1,
          7,
          null,
          null,
          1,
          7,
          null,
          null,
          1,
          7,
          null,
          null,
          1,
          7,
          null,
          null,
          1,
          11,
          null,
          11,
          11,
          11,
          null,
          null,
          null,
          1,
          16,
          null,
          16,
          16,
          13,
          null,
          null,
          null,
          1,
          54,
          null,
          null,
          null
        ]
      },
      "/Users/jacquesmmarquesicloud.com/RubymineProjects/cep-api/app/query_builders/sorter.rb": {
        "lines": [
          null,
          null,
          1,
          1,
          null,
          1,
          7,
          7,
          7,
          7,
          null,
          null,
          1,
          7,
          null,
          null,
          3,
          null,
          null,
          2,
          null,
          2,
          null,
          null,
          1,
          null,
          1,
          1,
          1,
          null,
          null,
          null
        ]
      },
      "/Users/jacquesmmarquesicloud.com/RubymineProjects/cep-api/app/presenters/user_presenter.rb": {
        "lines": [
          1,
          1,
          null,
          null,
          null,
          1,
          1,
          1,
          1,
          null,
          null,
          null
        ]
      },
      "/Users/jacquesmmarquesicloud.com/RubymineProjects/cep-api/app/presenters/base_presenter.rb": {
        "lines": [
          1,
          1,
          null,
          null,
          1,
          null,
          null,
          null,
          null,
          null,
          null,
          5,
          null,
          1,
          1,
          null,
          1,
          4,
          12,
          null,
          null,
          null,
          1,
          0,
          null,
          null,
          1,
          6,
          null,
          null,
          null,
          1,
          null,
          1,
          31,
          31,
          31,
          31,
          null,
          null,
          1,
          12,
          null,
          null,
          1,
          36,
          12,
          null,
          null,
          null,
          null,
          1,
          0,
          null,
          null,
          null,
          1,
          0,
          null,
          null,
          1,
          12,
          null,
          null,
          1,
          12,
          null,
          null,
          1,
          null,
          1,
          12,
          null,
          null,
          1,
          12,
          null,
          null
        ]
      },
      "/Users/jacquesmmarquesicloud.com/RubymineProjects/cep-api/app/errors/query_builder_error.rb": {
        "lines": [
          null,
          null,
          1,
          1,
          null,
          1,
          3,
          3,
          null,
          null
        ]
      },
      "/Users/jacquesmmarquesicloud.com/RubymineProjects/cep-api/app/presenters/access_token_presenter.rb": {
        "lines": [
          null,
          1,
          1,
          null,
          1,
          1,
          null,
          1,
          null,
          null,
          1,
          9,
          null,
          null
        ]
      },
      "/Users/jacquesmmarquesicloud.com/RubymineProjects/cep-api/app/representation_builders/embed_picker.rb": {
        "lines": [
          null,
          null,
          1,
          1,
          16,
          null,
          null,
          1,
          18,
          null,
          14,
          7,
          null,
          null,
          1,
          25,
          null,
          null,
          1,
          null,
          1,
          16,
          null,
          6,
          6,
          null,
          6,
          6,
          null,
          null,
          5,
          null,
          null,
          1,
          7,
          7,
          null,
          7,
          3,
          6,
          null,
          null,
          4,
          null,
          null,
          null,
          1,
          1,
          null,
          null,
          null,
          1,
          14,
          null,
          null,
          1,
          5,
          null,
          5,
          9,
          null,
          null,
          null
        ]
      },
      "/Users/jacquesmmarquesicloud.com/RubymineProjects/cep-api/app/errors/representation_builder_error.rb": {
        "lines": [
          null,
          null,
          1,
          1,
          null,
          1,
          2,
          2,
          null,
          null
        ]
      },
      "/Users/jacquesmmarquesicloud.com/RubymineProjects/cep-api/app/representation_builders/field_picker.rb": {
        "lines": [
          null,
          null,
          1,
          1,
          27,
          null,
          null,
          1,
          27,
          26,
          null,
          null,
          null,
          1,
          27,
          null,
          null,
          1,
          null,
          null,
          null,
          1,
          27,
          null,
          3,
          null,
          3,
          null,
          3,
          5,
          null,
          null,
          2,
          null,
          null,
          1,
          27,
          205,
          205,
          null,
          null,
          null,
          1,
          1,
          1,
          null,
          null,
          null,
          1,
          29,
          null,
          null
        ]
      },
      "/Users/jacquesmmarquesicloud.com/RubymineProjects/cep-api/app/controllers/access_tokens_controller.rb": {
        "lines": [
          null,
          null,
          null,
          1,
          1,
          1,
          null,
          1,
          5,
          null,
          4,
          3,
          null,
          3,
          3,
          null,
          3,
          0,
          null,
          3,
          null,
          3,
          null,
          1,
          null,
          null,
          null,
          null,
          1,
          2,
          2,
          null,
          null,
          1,
          null,
          1,
          9,
          null,
          null
        ]
      },
      "/Users/jacquesmmarquesicloud.com/RubymineProjects/cep-api/app/controllers/application_controller.rb": {
        "lines": [
          null,
          null,
          null,
          1,
          1,
          1,
          1,
          null,
          1,
          null,
          1,
          null,
          1,
          0,
          null,
          null,
          null,
          null,
          null,
          null,
          null,
          null,
          1,
          0,
          null,
          null,
          null,
          null,
          null,
          null,
          null,
          1,
          3,
          null,
          null,
          null,
          null,
          null,
          null,
          1,
          null,
          6,
          null,
          null,
          null,
          null,
          null,
          null,
          1,
          null,
          1,
          1,
          null,
          null
        ]
      },
      "/Users/jacquesmmarquesicloud.com/RubymineProjects/cep-api/app/controllers/concerns/authentication.rb": {
        "lines": [
          null,
          null,
          null,
          1,
          1,
          null,
          1,
          null,
          1,
          1,
          1,
          null,
          null,
          1,
          null,
          1,
          9,
          null,
          1,
          null,
          null,
          1,
          5,
          null,
          null,
          1,
          3,
          null,
          null,
          1,
          2,
          2,
          null,
          null,
          1,
          17,
          null,
          null,
          1,
          13,
          null,
          null,
          1,
          8,
          5,
          null,
          5,
          5,
          null,
          null,
          null,
          null,
          1,
          5,
          null,
          null,
          1,
          0,
          null,
          null
        ]
      },
      "/Users/jacquesmmarquesicloud.com/RubymineProjects/cep-api/app/services/authenticator.rb": {
        "lines": [
          null,
          null,
          null,
          1,
          1,
          null,
          1,
          8,
          null,
          null,
          1,
          21,
          null,
          null,
          1,
          5,
          null,
          5,
          5,
          null,
          5,
          null,
          null,
          1,
          3,
          null,
          3,
          3,
          3,
          3,
          null,
          2,
          0,
          0,
          null,
          null,
          2,
          null,
          null,
          1,
          null,
          1,
          5,
          null,
          null
        ]
      },
      "/Users/jacquesmmarquesicloud.com/RubymineProjects/cep-api/app/serializers/api/serializer.rb": {
        "lines": [
          null,
          null,
          1,
          1,
          1,
          6,
          6,
          6,
          6,
          6,
          3,
          null,
          3,
          null,
          null,
          null,
          1,
          null,
          6,
          null,
          0,
          0,
          null,
          null,
          null,
          1,
          null,
          1,
          6,
          null,
          null,
          1,
          3,
          null,
          null,
          1,
          3,
          3,
          3,
          null,
          null,
          null
        ]
      },
      "/Users/jacquesmmarquesicloud.com/RubymineProjects/cep-api/app/serializers/api/entity_serializer.rb": {
        "lines": [
          1,
          1,
          1,
          12,
          12,
          12,
          null,
          null,
          1,
          12,
          null,
          null,
          1,
          0,
          null,
          null,
          1,
          3,
          null,
          null,
          1,
          null,
          1,
          0,
          0,
          0,
          0,
          0,
          null,
          null,
          null
        ]
      },
      "/Users/jacquesmmarquesicloud.com/RubymineProjects/cep-api/app/controllers/zip_accesses_controller.rb": {
        "lines": [
          1,
          1,
          null,
          1,
          null,
          1,
          3,
          3,
          null,
          null,
          1,
          2,
          2,
          2,
          null,
          null,
          2,
          2,
          2,
          null,
          0,
          null,
          null,
          null,
          1,
          null,
          1,
          2,
          null,
          null,
          null,
          null,
          null,
          null,
          null,
          null,
          null
        ]
      },
      "/Users/jacquesmmarquesicloud.com/RubymineProjects/cep-api/app/query_builders/query_orchestrator.rb": {
        "lines": [
          null,
          null,
          1,
          1,
          null,
          1,
          3,
          3,
          3,
          3,
          3,
          null,
          null,
          1,
          3,
          12,
          0,
          null,
          null,
          12,
          null,
          3,
          null,
          null,
          1,
          null,
          1,
          3,
          3,
          3,
          3,
          null,
          null,
          1,
          3,
          null,
          null,
          1,
          3,
          null,
          null,
          1,
          3,
          null,
          null
        ]
      },
      "/Users/jacquesmmarquesicloud.com/RubymineProjects/cep-api/app/presenters/zip_access_presenter.rb": {
        "lines": [
          1,
          1,
          null,
          1,
          1,
          null,
          1,
          null,
          null
        ]
      },
      "/Users/jacquesmmarquesicloud.com/RubymineProjects/cep-api/app/query_builders/eager_loader.rb": {
        "lines": [
          null,
          null,
          1,
          1,
          3,
          3,
          3,
          3,
          null,
          null,
          1,
          3,
          null,
          0,
          0,
          null,
          0,
          0,
          null,
          0,
          null,
          null,
          1,
          null,
          1,
          0,
          0,
          0,
          null,
          null,
          null,
          null,
          null
        ]
      },
      "/Users/jacquesmmarquesicloud.com/RubymineProjects/cep-api/app/serializers/api/collection_serializer.rb": {
        "lines": [
          1,
          1,
          1,
          3,
          3,
          3,
          null,
          null,
          1,
          3,
          null,
          3,
          null,
          null,
          1,
          null,
          0,
          null,
          null,
          1,
          3,
          null,
          null,
          1,
          null,
          1,
          3,
          9,
          9,
          null,
          null,
          null,
          1,
          12,
          null,
          null,
          null,
          null,
          1,
          0,
          0,
          null,
          0,
          0,
          null,
          0,
          0,
          null,
          0,
          0,
          0,
          null,
          null,
          null
        ]
      },
      "/Users/jacquesmmarquesicloud.com/RubymineProjects/cep-api/app/errors/invalid_builder_action_error.rb": {
        "lines": [
          null,
          null,
          0,
          0,
          null,
          0,
          0,
          0,
          0,
          0
        ],
        "branches": {}
      },
      "/Users/jacquesmmarquesicloud.com/RubymineProjects/cep-api/app/jobs/application_job.rb": {
        "lines": [
          0,
          null,
          null,
          null,
          null,
          null,
          0
        ],
        "branches": {}
      },
      "/Users/jacquesmmarquesicloud.com/RubymineProjects/cep-api/app/mailers/application_mailer.rb": {
        "lines": [
          0,
          0,
          0,
          0
        ],
        "branches": {}
      },
      "/Users/jacquesmmarquesicloud.com/RubymineProjects/cep-api/app/services/application_service.rb": {
        "lines": [
          null,
          null,
          null,
          0,
          0,
          0,
          0,
          0
        ],
        "branches": {}
      }
    },
    "timestamp": 1692022745
  }
}
